<?xml version="1.0" encoding="UTF-8"?>
<testsuite hostname="MSOMPURA-LT" name="com.ironmountain.kanawha.tests.branding.ApplyAndVerifyBrandingTest" tests="1" failures="1" timestamp="5 Aug 2011 09:19:26 GMT" time="19.394" errors="0">
  <testcase name="@AfterMethod stopTest" time="0.0" classname="com.ironmountain.kanawha.tests.branding.ApplyAndVerifyBrandingTest">
    <failure type="org.openqa.selenium.WebDriverException" message="Unable to get browser (WARNING: The server did not provide any stacktrace information)
System info: os.name: &amp;apos;Windows 7&amp;apos;, os.arch: &amp;apos;x86&amp;apos;, os.version: &amp;apos;6.1&amp;apos;, java.version: &amp;apos;1.6.0_24&amp;apos;
Driver info: driver.version: RemoteWebDriver">
      <![CDATA[org.openqa.selenium.WebDriverException: Unable to get browser (WARNING: The server did not provide any stacktrace information)
System info: os.name: 'Windows 7', os.arch: 'x86', os.version: '6.1', java.version: '1.6.0_24'
Driver info: driver.version: RemoteWebDriver
	at sun.reflect.NativeConstructorAccessorImpl.newInstance0(Native Method)
	at sun.reflect.NativeConstructorAccessorImpl.newInstance(NativeConstructorAccessorImpl.java:39)
	at sun.reflect.DelegatingConstructorAccessorImpl.newInstance(DelegatingConstructorAccessorImpl.java:27)
	at java.lang.reflect.Constructor.newInstance(Constructor.java:513)
	at org.openqa.selenium.remote.ErrorHandler.createThrowable(ErrorHandler.java:131)
	at org.openqa.selenium.remote.ErrorHandler.throwIfResponseFailed(ErrorHandler.java:105)
	at org.openqa.selenium.remote.RemoteWebDriver.execute(RemoteWebDriver.java:409)
	at org.openqa.selenium.remote.RemoteWebDriver.execute(RemoteWebDriver.java:413)
	at org.openqa.selenium.remote.RemoteWebDriver.close(RemoteWebDriver.java:279)
	at com.ironmountain.pageobject.pageobjectrunner.framework.webdriverselenium.WebDriverTest.stopWebDriverTest(WebDriverTest.java:181)
	at com.ironmountain.kanawha.tests.branding.ApplyAndVerifyBrandingTest.stopTest(ApplyAndVerifyBrandingTest.java:68)
	at sun.reflect.NativeMethodAccessorImpl.invoke0(Native Method)
	at sun.reflect.NativeMethodAccessorImpl.invoke(NativeMethodAccessorImpl.java:39)
	at sun.reflect.DelegatingMethodAccessorImpl.invoke(DelegatingMethodAccessorImpl.java:25)
	at java.lang.reflect.Method.invoke(Method.java:597)
	at org.testng.internal.MethodHelper.invokeMethod(MethodHelper.java:641)
	at org.testng.internal.Invoker.invokeConfigurationMethod(Invoker.java:526)
	at org.testng.internal.Invoker.invokeConfigurations(Invoker.java:196)
	at org.testng.internal.Invoker.invokeMethod(Invoker.java:761)
	at org.testng.internal.Invoker.invokeTestMethod(Invoker.java:850)
	at org.testng.internal.Invoker.invokeTestMethods(Invoker.java:1154)
	at org.testng.internal.TestMethodWorker.invokeTestMethods(TestMethodWorker.java:137)
	at org.testng.internal.TestMethodWorker.run(TestMethodWorker.java:121)
	at org.testng.TestRunner.runWorkers(TestRunner.java:1108)
	at org.testng.TestRunner.privateRun(TestRunner.java:737)
	at org.testng.TestRunner.run(TestRunner.java:596)
	at org.testng.SuiteRunner.runTest(SuiteRunner.java:315)
	at org.testng.SuiteRunner.runSequentially(SuiteRunner.java:310)
	at org.testng.SuiteRunner.privateRun(SuiteRunner.java:272)
	at org.testng.SuiteRunner.run(SuiteRunner.java:221)
	at org.testng.SuiteRunnerWorker.runSuite(SuiteRunnerWorker.java:52)
	at org.testng.SuiteRunnerWorker.run(SuiteRunnerWorker.java:86)
	at org.testng.TestNG.runSuitesSequentially(TestNG.java:1027)
	at org.testng.TestNG.runSuitesLocally(TestNG.java:964)
	at org.testng.TestNG.run(TestNG.java:896)
	at org.testng.remote.RemoteTestNG.run(RemoteTestNG.java:89)
	at org.testng.remote.RemoteTestNG.main(RemoteTestNG.java:144)
]]>
    </failure>
  </testcase>
  <testcase name="applyAndVerifyBranding" time="2.559" classname="com.ironmountain.kanawha.tests.branding.ApplyAndVerifyBrandingTest">
    <failure type="org.openqa.selenium.WebDriverException" message="Unable to get browser (WARNING: The server did not provide any stacktrace information)
System info: os.name: &amp;apos;Windows 7&amp;apos;, os.arch: &amp;apos;x86&amp;apos;, os.version: &amp;apos;6.1&amp;apos;, java.version: &amp;apos;1.6.0_24&amp;apos;
Driver info: driver.version: RemoteWebDriver">
      <![CDATA[org.openqa.selenium.WebDriverException: Unable to get browser (WARNING: The server did not provide any stacktrace information)
System info: os.name: 'Windows 7', os.arch: 'x86', os.version: '6.1', java.version: '1.6.0_24'
Driver info: driver.version: RemoteWebDriver
	at sun.reflect.NativeConstructorAccessorImpl.newInstance0(Native Method)
	at sun.reflect.NativeConstructorAccessorImpl.newInstance(NativeConstructorAccessorImpl.java:39)
	at sun.reflect.DelegatingConstructorAccessorImpl.newInstance(DelegatingConstructorAccessorImpl.java:27)
	at java.lang.reflect.Constructor.newInstance(Constructor.java:513)
	at org.openqa.selenium.remote.ErrorHandler.createThrowable(ErrorHandler.java:131)
	at org.openqa.selenium.remote.ErrorHandler.throwIfResponseFailed(ErrorHandler.java:105)
	at org.openqa.selenium.remote.RemoteWebDriver.execute(RemoteWebDriver.java:409)
	at org.openqa.selenium.remote.RemoteWebDriver.get(RemoteWebDriver.java:166)
	at org.openqa.selenium.remote.RemoteWebDriver$RemoteNavigation.to(RemoteWebDriver.java:562)
	at com.ironmountain.pageobject.pageobjectrunner.framework.webdriverselenium.WebDriverPage.goTo(WebDriverPage.java:173)
	at com.ironmountain.kanawha.tests.branding.BrandingUtils.applyBranding(BrandingUtils.java:50)
	at com.ironmountain.kanawha.tests.branding.ApplyAndVerifyBrandingTest.applyAndVerifyBranding(ApplyAndVerifyBrandingTest.java:60)
	at sun.reflect.NativeMethodAccessorImpl.invoke0(Native Method)
	at sun.reflect.NativeMethodAccessorImpl.invoke(NativeMethodAccessorImpl.java:39)
	at sun.reflect.DelegatingMethodAccessorImpl.invoke(DelegatingMethodAccessorImpl.java:25)
	at java.lang.reflect.Method.invoke(Method.java:597)
	at org.testng.internal.MethodHelper.invokeMethod(MethodHelper.java:641)
	at org.testng.internal.Invoker.invokeMethod(Invoker.java:677)
	at org.testng.internal.Invoker.invokeTestMethod(Invoker.java:850)
	at org.testng.internal.Invoker.invokeTestMethods(Invoker.java:1154)
	at org.testng.internal.TestMethodWorker.invokeTestMethods(TestMethodWorker.java:137)
	at org.testng.internal.TestMethodWorker.run(TestMethodWorker.java:121)
	at org.testng.TestRunner.runWorkers(TestRunner.java:1108)
	at org.testng.TestRunner.privateRun(TestRunner.java:737)
	at org.testng.TestRunner.run(TestRunner.java:596)
	at org.testng.SuiteRunner.runTest(SuiteRunner.java:315)
	at org.testng.SuiteRunner.runSequentially(SuiteRunner.java:310)
	at org.testng.SuiteRunner.privateRun(SuiteRunner.java:272)
	at org.testng.SuiteRunner.run(SuiteRunner.java:221)
	at org.testng.SuiteRunnerWorker.runSuite(SuiteRunnerWorker.java:52)
	at org.testng.SuiteRunnerWorker.run(SuiteRunnerWorker.java:86)
	at org.testng.TestNG.runSuitesSequentially(TestNG.java:1027)
	at org.testng.TestNG.runSuitesLocally(TestNG.java:964)
	at org.testng.TestNG.run(TestNG.java:896)
	at org.testng.remote.RemoteTestNG.run(RemoteTestNG.java:89)
	at org.testng.remote.RemoteTestNG.main(RemoteTestNG.java:144)
]]>
    </failure>
  </testcase>
</testsuite>
